<?xml version="1.0" encoding="UTF-8"?>
<!-- Generated by org.testng.reporters.JUnitReportReporter -->
<testsuite skipped="0" hostname="Amar" name="com.practice.Data_Provider" tests="5" failures="0" timestamp="13 Aug 2021 06:26:45 GMT" time="0.098" errors="0">
  <testcase name="datta" time="0.015" classname="com.practice.Data_Provider"/>
  <testcase name="datta" time="0.022" classname="com.practice.Data_Provider"/>
  <testcase name="datta" time="0.008" classname="com.practice.Data_Provider"/>
  <testcase name="datta" time="0.039" classname="com.practice.Data_Provider"/>
  <testcase name="datta" time="0.014" classname="com.practice.Data_Provider"/>
</testsuite> <!-- com.practice.Data_Provider -->
