<?xml version="1.0" encoding="UTF-8"?>
<!-- Generated by org.testng.reporters.JUnitReportReporter -->
<testsuite skipped="0" hostname="Amar" name="com.Vtiger.CreateContact_OrgTest" tests="1" failures="0" timestamp="19 Aug 2021 06:10:50 GMT" time="50.719" errors="0">
  <testcase name="createContactTest" time="50.719" classname="com.Vtiger.CreateContact_OrgTest"/>
</testsuite> <!-- com.Vtiger.CreateContact_OrgTest -->
