<?xml version="1.0" encoding="UTF-8"?>
<!-- Generated by org.testng.reporters.JUnitReportReporter -->
<testsuite skipped="0" hostname="Amar" name="com.TestNG.Sample1" tests="2" failures="0" timestamp="18 Aug 2021 08:04:20 GMT" time="0.031" errors="0">
  <testcase name="test3" time="0.015" classname="com.TestNG.Sample1"/>
  <testcase name="test2" time="0.016" classname="com.TestNG.Sample1"/>
</testsuite> <!-- com.TestNG.Sample1 -->
