<?xml version="1.0" encoding="UTF-8"?>
<!-- Generated by org.testng.reporters.JUnitReportReporter -->
<testsuite skipped="0" hostname="Amar" name="com.practice.DataProvider_Excel" tests="3" failures="0" timestamp="13 Aug 2021 08:27:03 GMT" time="0.037" errors="0">
  <testcase name="sdet" time="0.026" classname="com.practice.DataProvider_Excel"/>
  <testcase name="sdet" time="0.007" classname="com.practice.DataProvider_Excel"/>
  <testcase name="sdet" time="0.004" classname="com.practice.DataProvider_Excel"/>
</testsuite> <!-- com.practice.DataProvider_Excel -->
