<?xml version="1.0" encoding="UTF-8"?>
<!-- Generated by org.testng.reporters.JUnitReportReporter -->
<testsuite skipped="0" hostname="Amar" name="com.Vtiger.CreateOrg" tests="1" failures="0" timestamp="18 Aug 2021 07:16:05 GMT" time="28.554" errors="0">
  <testcase name="createOrg" time="28.554" classname="com.Vtiger.CreateOrg"/>
</testsuite> <!-- com.Vtiger.CreateOrg -->
