<?xml version="1.0" encoding="UTF-8"?>
<!-- Generated by org.testng.reporters.JUnitReportReporter -->
<testsuite skipped="0" hostname="Amar" name="com.practice.GetTitleHome" tests="1" failures="0" timestamp="2021-08-25T12:20:28 IST" time="8.098" errors="0">
  <testcase name="getTitleforHome" time="8.098" classname="com.practice.GetTitleHome"/>
  <system-out/>
</testsuite> <!-- com.practice.GetTitleHome -->
