<?xml version="1.0" encoding="UTF-8"?>
<!-- Generated by org.testng.reporters.JUnitReportReporter -->
<testsuite skipped="0" hostname="Amar" name="com.genericutil.JavaUtil" tests="1" failures="0" timestamp="10 Aug 2021 12:05:51 GMT" time="0.033" errors="0">
  <testcase name="createrandonNum" time="0.033" classname="com.genericutil.JavaUtil"/>
</testsuite> <!-- com.genericutil.JavaUtil -->
