<?xml version="1.0" encoding="UTF-8"?>
<!-- Generated by org.testng.reporters.JUnitReportReporter -->
<testsuite skipped="0" hostname="Amar" name="com.practice.DataProvider_1" tests="5" failures="0" timestamp="13 Aug 2021 05:38:46 GMT" time="0.047" errors="0">
  <testcase name="readDAta" time="0.007" classname="com.practice.DataProvider_1"/>
  <testcase name="readDAta" time="0.003" classname="com.practice.DataProvider_1"/>
  <testcase name="readDAta" time="0.005" classname="com.practice.DataProvider_1"/>
  <testcase name="readDAta" time="0.029" classname="com.practice.DataProvider_1"/>
  <testcase name="readDAta" time="0.003" classname="com.practice.DataProvider_1"/>
</testsuite> <!-- com.practice.DataProvider_1 -->
