<?xml version="1.0" encoding="UTF-8"?>
<!-- Generated by org.testng.reporters.JUnitReportReporter -->
<testsuite skipped="0" hostname="Amar" name="com.practice.MultipleWindows" tests="1" failures="0" timestamp="11 Aug 2021 06:46:52 GMT" time="13.513" errors="0">
  <testcase name="multiplewindow" time="13.513" classname="com.practice.MultipleWindows"/>
</testsuite> <!-- com.practice.MultipleWindows -->
