<?xml version="1.0" encoding="UTF-8"?>
<!-- Generated by org.testng.reporters.JUnitReportReporter -->
<testsuite skipped="0" hostname="Amar" name="com.Vtiger.CreateContact_Org" tests="1" failures="0" timestamp="18 Aug 2021 07:12:57 GMT" time="42.085" errors="0">
  <testcase name="createContact" time="42.085" classname="com.Vtiger.CreateContact_Org"/>
</testsuite> <!-- com.Vtiger.CreateContact_Org -->
