<?xml version="1.0" encoding="UTF-8"?>
<!-- Generated by org.testng.reporters.JUnitReportReporter -->
<testsuite skipped="0" hostname="Amar" name="com.Vtiger.CreateContact" tests="1" failures="0" timestamp="18 Aug 2021 07:14:36 GMT" time="28.382" errors="0">
  <testcase name="createContact" time="28.382" classname="com.Vtiger.CreateContact"/>
</testsuite> <!-- com.Vtiger.CreateContact -->
