<?xml version="1.0" encoding="UTF-8"?>
<!-- Generated by org.testng.reporters.JUnitReportReporter -->
<testsuite skipped="0" hostname="Amar" name="com.practice.MMT_Calendar" tests="5" failures="0" timestamp="13 Aug 2021 06:48:10 GMT" time="157.516" errors="0">
  <testcase name="selectCities" time="28.463" classname="com.practice.MMT_Calendar"/>
  <testcase name="selectCities" time="35.729" classname="com.practice.MMT_Calendar"/>
  <testcase name="selectCities" time="32.331" classname="com.practice.MMT_Calendar"/>
  <testcase name="selectCities" time="31.742" classname="com.practice.MMT_Calendar"/>
  <testcase name="selectCities" time="29.251" classname="com.practice.MMT_Calendar"/>
</testsuite> <!-- com.practice.MMT_Calendar -->
