<?xml version="1.0" encoding="UTF-8"?>
<!-- Generated by org.testng.reporters.JUnitReportReporter -->
<testsuite skipped="0" hostname="Amar" name="com.practice.ReadData_CMD_Test" tests="1" failures="0" timestamp="06 Aug 2021 06:39:15 GMT" time="0.032" errors="0">
  <testcase name="takeDatafromCMD" time="0.032" classname="com.practice.ReadData_CMD_Test"/>
</testsuite> <!-- com.practice.ReadData_CMD_Test -->
