<?xml version="1.0" encoding="UTF-8"?>
<!-- Generated by org.testng.reporters.JUnitReportReporter -->
<testsuite skipped="0" hostname="Amar" name="com.TestNG.Extent12" tests="2" failures="0" timestamp="2021-08-27T16:26:35 IST" time="7.325" errors="0">
  <testcase name="test2" time="0.805" classname="com.TestNG.Extent12"/>
  <system-out/>
  <testcase name="test1" time="6.520" classname="com.TestNG.Extent12"/>
  <system-out/>
</testsuite> <!-- com.TestNG.Extent12 -->
