<?xml version="1.0" encoding="UTF-8"?>
<!-- Generated by org.testng.reporters.JUnitReportReporter -->
<testsuite skipped="0" hostname="Amar" name="com.TestNG.BC_AC" tests="2" failures="0" timestamp="18 Aug 2021 07:52:48 GMT" time="0.015" errors="0">
  <testcase name="test2" time="0.000" classname="com.TestNG.BC_AC"/>
  <testcase name="test1" time="0.015" classname="com.TestNG.BC_AC"/>
</testsuite> <!-- com.TestNG.BC_AC -->
