<?xml version="1.0" encoding="UTF-8"?>
<!-- Generated by org.testng.reporters.JUnitReportReporter -->
<testsuite skipped="0" hostname="Amar" name="com.practice.ReadData_XML" tests="1" failures="0" timestamp="05 Aug 2021 07:51:03 GMT" time="0.252" errors="0">
  <testcase name="readdata_XML" time="0.252" classname="com.practice.ReadData_XML"/>
</testsuite> <!-- com.practice.ReadData_XML -->
